# JRE version: Java(TM) SE Runtime Environment (8.0_201-b09) (build 1.8.0_201-b09)
# Java VM: Java HotSpot(TM) 64-Bit Server VM (25.201-b09 mixed mode windows-amd64 compressed oops)
Heap:
 PSYoungGen      total 14336K, used 5344K [0x00000000eb700000, 0x00000000ed100000, 0x0000000100000000)
  eden space 10752K, 26% used [0x00000000eb700000,0x00000000eb9c1a90,0x00000000ec180000)
  from space 3584K, 70% used [0x00000000ec180000,0x00000000ec3f68d0,0x00000000ec500000)
  to   space 4608K, 0% used [0x00000000ecc80000,0x00000000ecc80000,0x00000000ed100000)
 ParOldGen       total 5632K, used 5123K [0x00000000c2400000, 0x00000000c2980000, 0x00000000eb700000)
  object space 5632K, 90% used [0x00000000c2400000,0x00000000c2900f30,0x00000000c2980000)
 Metaspace       used 8662K, capacity 9248K, committed 9600K, reserved 1058816K
  class space    used 1005K, capacity 1044K, committed 1152K, reserved 1048576K
GC Heap History (10 events):
Event: 1.642 GC heap before
{Heap before GC invocations=6 (full 0):
 PSYoungGen      total 3584K, used 3485K [0x00000000eb700000, 0x00000000ebf00000, 0x0000000100000000)
  eden space 3072K, 97% used [0x00000000eb700000,0x00000000eb9ef420,0x00000000eba00000)
  from space 512K, 93% used [0x00000000eba00000,0x00000000eba78020,0x00000000eba80000)
  to   space 1024K, 0% used [0x00000000ebe00000,0x00000000ebe00000,0x00000000ebf00000)
 ParOldGen       total 5632K, used 869K [0x00000000c2400000, 0x00000000c2980000, 0x00000000eb700000)
  object space 5632K, 15% used [0x00000000c2400000,0x00000000c24d9540,0x00000000c2980000)
 Metaspace       used 7268K, capacity 8212K, committed 8448K, reserved 1056768K
  class space    used 883K, capacity 912K, committed 1024K, reserved 1048576K
Event: 1.649 GC heap after
Heap after GC invocations=6 (full 0):
 PSYoungGen      total 6656K, used 1022K [0x00000000eb700000, 0x00000000ec000000, 0x0000000100000000)
  eden space 5632K, 0% used [0x00000000eb700000,0x00000000eb700000,0x00000000ebc80000)
  from space 1024K, 99% used [0x00000000ebe00000,0x00000000ebeff830,0x00000000ebf00000)
  to   space 1536K, 0% used [0x00000000ebc80000,0x00000000ebc80000,0x00000000ebe00000)
 ParOldGen       total 5632K, used 921K [0x00000000c2400000, 0x00000000c2980000, 0x00000000eb700000)
  object space 5632K, 16% used [0x00000000c2400000,0x00000000c24e65e8,0x00000000c2980000)
 Metaspace       used 7268K, capacity 8212K, committed 8448K, reserved 1056768K
  class space    used 883K, capacity 912K, committed 1024K, reserved 1048576K
}
Event: 1.939 GC heap before
{Heap before GC invocations=7 (full 0):
 PSYoungGen      total 6656K, used 6532K [0x00000000eb700000, 0x00000000ec000000, 0x0000000100000000)
  eden space 5632K, 97% used [0x00000000eb700000,0x00000000ebc61a58,0x00000000ebc80000)
  from space 1024K, 99% used [0x00000000ebe00000,0x00000000ebeff830,0x00000000ebf00000)
  to   space 1536K, 0% used [0x00000000ebc80000,0x00000000ebc80000,0x00000000ebe00000)
 ParOldGen       total 5632K, used 921K [0x00000000c2400000, 0x00000000c2980000, 0x00000000eb700000)
  object space 5632K, 16% used [0x00000000c2400000,0x00000000c24e65e8,0x00000000c2980000)
 Metaspace       used 7334K, capacity 8212K, committed 8448K, reserved 1056768K
  class space    used 888K, capacity 912K, committed 1024K, reserved 1048576K
Event: 1.953 GC heap after
Heap after GC invocations=7 (full 0):
 PSYoungGen      total 7168K, used 1526K [0x00000000eb700000, 0x00000000ec800000, 0x0000000100000000)
  eden space 5632K, 0% used [0x00000000eb700000,0x00000000eb700000,0x00000000ebc80000)
  from space 1536K, 99% used [0x00000000ebc80000,0x00000000ebdfd998,0x00000000ebe00000)
  to   space 3072K, 0% used [0x00000000ec500000,0x00000000ec500000,0x00000000ec800000)
 ParOldGen       total 5632K, used 3097K [0x00000000c2400000, 0x00000000c2980000, 0x00000000eb700000)
  object space 5632K, 54% used [0x00000000c2400000,0x00000000c2706648,0x00000000c2980000)
 Metaspace       used 7334K, capacity 8212K, committed 8448K, reserved 1056768K
  class space    used 888K, capacity 912K, committed 1024K, reserved 1048576K
}
Event: 2.533 GC heap before
{Heap before GC invocations=8 (full 0):
 PSYoungGen      total 7168K, used 7158K [0x00000000eb700000, 0x00000000ec800000, 0x0000000100000000)
  eden space 5632K, 100% used [0x00000000eb700000,0x00000000ebc80000,0x00000000ebc80000)
  from space 1536K, 99% used [0x00000000ebc80000,0x00000000ebdfd998,0x00000000ebe00000)
  to   space 3072K, 0% used [0x00000000ec500000,0x00000000ec500000,0x00000000ec800000)
 ParOldGen       total 5632K, used 3097K [0x00000000c2400000, 0x00000000c2980000, 0x00000000eb700000)
  object space 5632K, 54% used [0x00000000c2400000,0x00000000c2706648,0x00000000c2980000)
 Metaspace       used 7531K, capacity 8436K, committed 8704K, reserved 1056768K
  class space    used 900K, capacity 944K, committed 1024K, reserved 1048576K
Event: 2.607 GC heap after
Heap after GC invocations=8 (full 0):
 PSYoungGen      total 13824K, used 3059K [0x00000000eb700000, 0x00000000ec900000, 0x0000000100000000)
  eden space 10752K, 0% used [0x00000000eb700000,0x00000000eb700000,0x00000000ec180000)
  from space 3072K, 99% used [0x00000000ec500000,0x00000000ec7fce08,0x00000000ec800000)
  to   space 3584K, 0% used [0x00000000ec180000,0x00000000ec180000,0x00000000ec500000)
 ParOldGen       total 5632K, used 3405K [0x00000000c2400000, 0x00000000c2980000, 0x00000000eb700000)
  object space 5632K, 60% used [0x00000000c2400000,0x00000000c2753588,0x00000000c2980000)
 Metaspace       used 7531K, capacity 8436K, committed 8704K, reserved 1056768K
  class space    used 900K, capacity 944K, committed 1024K, reserved 1048576K
}
Event: 3.459 GC heap before
{Heap before GC invocations=9 (full 0):
 PSYoungGen      total 13824K, used 13811K [0x00000000eb700000, 0x00000000ec900000, 0x0000000100000000)
  eden space 10752K, 100% used [0x00000000eb700000,0x00000000ec180000,0x00000000ec180000)
  from space 3072K, 99% used [0x00000000ec500000,0x00000000ec7fce08,0x00000000ec800000)
  to   space 3584K, 0% used [0x00000000ec180000,0x00000000ec180000,0x00000000ec500000)
 ParOldGen       total 5632K, used 3405K [0x00000000c2400000, 0x00000000c2980000, 0x00000000eb700000)
  object space 5632K, 60% used [0x00000000c2400000,0x00000000c2753588,0x00000000c2980000)
 Metaspace       used 8455K, capacity 9056K, committed 9344K, reserved 1056768K
  class space    used 1005K, capacity 1044K, committed 1152K, reserved 1048576K
Event: 3.477 GC heap after
Heap after GC invocations=9 (full 0):
 PSYoungGen      total 14336K, used 3568K [0x00000000eb700000, 0x00000000ed100000, 0x0000000100000000)
  eden space 10752K, 0% used [0x00000000eb700000,0x00000000eb700000,0x00000000ec180000)
  from space 3584K, 99% used [0x00000000ec180000,0x00000000ec4fc300,0x00000000ec500000)
  to   space 4608K, 0% used [0x00000000ecc80000,0x00000000ecc80000,0x00000000ed100000)
 ParOldGen       total 5632K, used 4274K [0x00000000c2400000, 0x00000000c2980000, 0x00000000eb700000)
  object space 5632K, 75% used [0x00000000c2400000,0x00000000c282c9e8,0x00000000c2980000)
 Metaspace       used 8455K, capacity 9056K, committed 9344K, reserved 1056768K
  class space    used 1005K, capacity 1044K, committed 1152K, reserved 1048576K
}
Event: 3.477 GC heap before
{Heap before GC invocations=10 (full 1):
 PSYoungGen      total 14336K, used 3568K [0x00000000eb700000, 0x00000000ed100000, 0x0000000100000000)
  eden space 10752K, 0% used [0x00000000eb700000,0x00000000eb700000,0x00000000ec180000)
  from space 3584K, 99% used [0x00000000ec180000,0x00000000ec4fc300,0x00000000ec500000)
  to   space 4608K, 0% used [0x00000000ecc80000,0x00000000ecc80000,0x00000000ed100000)
 ParOldGen       total 5632K, used 4274K [0x00000000c2400000, 0x00000000c2980000, 0x00000000eb700000)
  object space 5632K, 75% used [0x00000000c2400000,0x00000000c282c9e8,0x00000000c2980000)
 Metaspace       used 8455K, capacity 9056K, committed 9344K, reserved 1056768K
  class space    used 1005K, capacity 1044K, committed 1152K, reserved 1048576K
Event: 3.639 GC heap after
Heap after GC invocations=10 (full 1):
 PSYoungGen      total 14336K, used 2522K [0x00000000eb700000, 0x00000000ed100000, 0x0000000100000000)
  eden space 10752K, 0% used [0x00000000eb700000,0x00000000eb700000,0x00000000ec180000)
  from space 3584K, 70% used [0x00000000ec180000,0x00000000ec3f68d0,0x00000000ec500000)
  to   space 4608K, 0% used [0x00000000ecc80000,0x00000000ecc80000,0x00000000ed100000)
 ParOldGen       total 5632K, used 5123K [0x00000000c2400000, 0x00000000c2980000, 0x00000000eb700000)
  object space 5632K, 90% used [0x00000000c2400000,0x00000000c2900f30,0x00000000c2980000)
 Metaspace       used 8455K, capacity 9056K, committed 9344K, reserved 1056768K
  class space    used 1005K, capacity 1044K, committed 1152K, reserved 1048576K
}

